INFO 2024-10-03 17:41:38,187 autoreload Watching for file changes with StatReloader
INFO 2024-10-03 17:45:08,307 autoreload Watching for file changes with StatReloader
INFO 2024-10-03 17:45:17,145 basehttp "GET /admin/Users/user/ HTTP/1.1" 302 0
INFO 2024-10-03 17:45:17,199 basehttp "GET /admin/login/?next=/admin/Users/user/ HTTP/1.1" 200 4180
INFO 2024-10-03 17:45:19,440 basehttp "POST /admin/login/?next=/admin/Users/user/ HTTP/1.1" 200 4343
INFO 2024-10-03 17:47:39,240 basehttp "POST /admin/login/?next=/admin/Users/user/ HTTP/1.1" 200 4343
INFO 2024-10-03 17:47:54,894 autoreload Watching for file changes with StatReloader
INFO 2024-10-03 17:48:02,537 basehttp "POST /admin/login/?next=/admin/Users/user/ HTTP/1.1" 200 4343
INFO 2024-10-03 17:49:36,608 basehttp "POST /admin/login/?next=/admin/Users/user/ HTTP/1.1" 302 0
INFO 2024-10-03 17:49:36,671 basehttp "GET /admin/Users/user/ HTTP/1.1" 200 7392
INFO 2024-10-03 17:49:36,826 basehttp "GET /admin/jsi18n/ HTTP/1.1" 200 3342
INFO 2024-10-03 17:49:50,572 basehttp "POST //Users/Auth/SignUp/ HTTP/1.1" 201 742
INFO 2024-10-03 17:49:52,472 celery_tasks Email sent successfully to youssifhassan011@gmail.com
INFO 2024-10-03 17:50:07,901 autoreload Watching for file changes with StatReloader
INFO 2024-10-03 17:50:09,031 basehttp "GET /admin/Users/user/ HTTP/1.1" 200 8671
INFO 2024-10-03 17:50:09,184 basehttp "GET /admin/jsi18n/ HTTP/1.1" 200 3342
INFO 2024-10-03 17:50:14,633 basehttp "POST /admin/logout/ HTTP/1.1" 200 3553
INFO 2024-10-03 17:50:17,501 basehttp "GET /admin/ HTTP/1.1" 302 0
INFO 2024-10-03 17:50:17,533 basehttp "GET /admin/login/?next=/admin/ HTTP/1.1" 200 4158
INFO 2024-10-03 17:50:19,579 basehttp "POST /admin/login/?next=/admin/ HTTP/1.1" 302 0
INFO 2024-10-03 17:50:19,627 basehttp "GET /admin/ HTTP/1.1" 200 6166
INFO 2024-10-03 17:50:21,448 basehttp "POST /admin/logout/ HTTP/1.1" 200 3553
INFO 2024-10-03 17:50:23,274 basehttp "GET /admin/ HTTP/1.1" 302 0
INFO 2024-10-03 17:50:23,297 basehttp "GET /admin/login/?next=/admin/ HTTP/1.1" 200 4158
INFO 2024-10-03 17:50:38,097 autoreload Watching for file changes with StatReloader
INFO 2024-10-03 17:50:40,993 basehttp "POST /admin/login/?next=/admin/ HTTP/1.1" 302 0
INFO 2024-10-03 17:50:41,088 basehttp "GET /admin/ HTTP/1.1" 200 6166
INFO 2024-10-03 17:51:14,096 autoreload Watching for file changes with StatReloader
INFO 2024-10-03 17:51:18,035 basehttp "GET /admin/ HTTP/1.1" 200 6166
INFO 2024-10-03 17:51:20,318 basehttp "GET /admin/ HTTP/1.1" 200 6166
INFO 2024-10-03 17:51:21,961 basehttp "POST /admin/logout/ HTTP/1.1" 200 3553
INFO 2024-10-03 17:51:23,717 basehttp "GET /admin/ HTTP/1.1" 302 0
INFO 2024-10-03 17:51:23,765 basehttp "GET /admin/login/?next=/admin/ HTTP/1.1" 200 4158
INFO 2024-10-03 17:51:26,025 basehttp "POST /admin/login/?next=/admin/ HTTP/1.1" 302 0
INFO 2024-10-03 17:51:26,083 basehttp "GET /admin/ HTTP/1.1" 200 6166
INFO 2024-10-03 18:07:06,194 autoreload Watching for file changes with StatReloader
INFO 2024-10-03 18:07:40,951 autoreload /code/config/django/local.py changed, reloading.
INFO 2024-10-03 18:07:42,816 autoreload Watching for file changes with StatReloader
INFO 2024-10-03 18:07:45,641 autoreload /code/config/django/local.py changed, reloading.
INFO 2024-10-03 18:07:47,302 autoreload Watching for file changes with StatReloader
INFO 2024-10-03 18:07:54,327 autoreload /code/config/django/local.py changed, reloading.
INFO 2024-10-03 18:07:55,728 autoreload Watching for file changes with StatReloader
INFO 2024-10-03 18:07:58,343 autoreload /code/config/django/local.py changed, reloading.
INFO 2024-10-03 18:07:59,906 autoreload Watching for file changes with StatReloader
INFO 2024-10-03 18:08:01,566 autoreload /code/config/django/local.py changed, reloading.
INFO 2024-10-03 18:08:02,921 autoreload Watching for file changes with StatReloader
INFO 2024-10-03 18:08:12,638 autoreload /code/config/django/local.py changed, reloading.
INFO 2024-10-03 18:08:13,730 autoreload Watching for file changes with StatReloader
INFO 2024-10-03 18:08:33,711 autoreload /code/config/django/local.py changed, reloading.
INFO 2024-10-03 18:08:35,250 autoreload Watching for file changes with StatReloader
INFO 2024-10-03 18:08:36,949 autoreload /code/config/django/local.py changed, reloading.
INFO 2024-10-03 18:08:38,346 autoreload Watching for file changes with StatReloader
INFO 2024-10-04 15:29:57,790 autoreload Watching for file changes with StatReloader
INFO 2024-10-04 15:30:26,181 autoreload E:\Programing\django_projects\Islamic_App\manage.py changed, reloading.
INFO 2024-10-04 15:30:27,353 autoreload Watching for file changes with StatReloader
INFO 2024-10-04 15:31:05,944 autoreload Watching for file changes with StatReloader
INFO 2024-10-04 15:31:32,905 autoreload E:\Programing\django_projects\Islamic_App\config\django\local.py changed, reloading.
INFO 2024-10-04 15:31:34,003 autoreload Watching for file changes with StatReloader
INFO 2024-10-04 15:31:49,472 autoreload E:\Programing\django_projects\Islamic_App\config\django\local.py changed, reloading.
INFO 2024-10-04 15:31:50,497 autoreload Watching for file changes with StatReloader
INFO 2024-10-04 15:31:53,322 autoreload E:\Programing\django_projects\Islamic_App\config\django\local.py changed, reloading.
INFO 2024-10-04 15:31:54,517 autoreload Watching for file changes with StatReloader
INFO 2024-10-04 15:32:00,481 autoreload E:\Programing\django_projects\Islamic_App\config\django\base.py changed, reloading.
INFO 2024-10-04 15:32:01,647 autoreload Watching for file changes with StatReloader
INFO 2024-10-04 15:32:05,326 autoreload E:\Programing\django_projects\Islamic_App\config\django\base.py changed, reloading.
INFO 2024-10-04 15:32:06,589 autoreload Watching for file changes with StatReloader
INFO 2024-10-04 14:00:11,939 autoreload Watching for file changes with StatReloader
INFO 2024-10-04 14:01:14,293 autoreload /code/config/django/local.py changed, reloading.
INFO 2024-10-04 14:01:15,566 autoreload Watching for file changes with StatReloader
ERROR 2024-10-04 14:01:25,803 log Internal Server Error: /admin/
Traceback (most recent call last):
  File "/usr/local/lib/python3.10/site-packages/django/urls/base.py", line 71, in reverse
    extra, resolver = resolver.namespace_dict[ns]
KeyError: 'djdt'

During handling of the above exception, another exception occurred:

Traceback (most recent call last):
  File "/usr/local/lib/python3.10/site-packages/django/core/handlers/exception.py", line 55, in inner
    response = get_response(request)
  File "/usr/local/lib/python3.10/site-packages/debug_toolbar/middleware.py", line 97, in __call__
    rendered = toolbar.render_toolbar()
  File "/usr/local/lib/python3.10/site-packages/debug_toolbar/toolbar.py", line 84, in render_toolbar
    return render_to_string("debug_toolbar/base.html", context)
  File "/usr/local/lib/python3.10/site-packages/django/template/loader.py", line 62, in render_to_string
    return template.render(context, request)
  File "/usr/local/lib/python3.10/site-packages/django/template/backends/django.py", line 61, in render
    return self.template.render(context)
  File "/usr/local/lib/python3.10/site-packages/django/template/base.py", line 171, in render
    return self._render(context)
  File "/usr/local/lib/python3.10/site-packages/django/test/utils.py", line 111, in instrumented_test_render
    return self.nodelist.render(context)
  File "/usr/local/lib/python3.10/site-packages/django/template/base.py", line 1000, in render
    return SafeString("".join([node.render_annotated(context) for node in self]))
  File "/usr/local/lib/python3.10/site-packages/django/template/base.py", line 1000, in <listcomp>
    return SafeString("".join([node.render_annotated(context) for node in self]))
  File "/usr/local/lib/python3.10/site-packages/django/template/base.py", line 961, in render_annotated
    return self.render(context)
  File "/usr/local/lib/python3.10/site-packages/django/template/defaulttags.py", line 326, in render
    return nodelist.render(context)
  File "/usr/local/lib/python3.10/site-packages/django/template/base.py", line 1000, in render
    return SafeString("".join([node.render_annotated(context) for node in self]))
  File "/usr/local/lib/python3.10/site-packages/django/template/base.py", line 1000, in <listcomp>
    return SafeString("".join([node.render_annotated(context) for node in self]))
  File "/usr/local/lib/python3.10/site-packages/django/template/base.py", line 961, in render_annotated
    return self.render(context)
  File "/usr/local/lib/python3.10/site-packages/django/template/defaulttags.py", line 479, in render
    url = reverse(view_name, args=args, kwargs=kwargs, current_app=current_app)
  File "/usr/local/lib/python3.10/site-packages/django/urls/base.py", line 82, in reverse
    raise NoReverseMatch("%s is not a registered namespace" % key)
django.urls.exceptions.NoReverseMatch: 'djdt' is not a registered namespace
ERROR 2024-10-04 14:01:25,805 basehttp "GET /admin/ HTTP/1.1" 500 135467
ERROR 2024-10-04 14:01:26,319 log Internal Server Error: /favicon.ico
Traceback (most recent call last):
  File "/usr/local/lib/python3.10/site-packages/django/urls/base.py", line 71, in reverse
    extra, resolver = resolver.namespace_dict[ns]
KeyError: 'djdt'

During handling of the above exception, another exception occurred:

Traceback (most recent call last):
  File "/usr/local/lib/python3.10/site-packages/django/core/handlers/exception.py", line 55, in inner
    response = get_response(request)
  File "/usr/local/lib/python3.10/site-packages/debug_toolbar/middleware.py", line 97, in __call__
    rendered = toolbar.render_toolbar()
  File "/usr/local/lib/python3.10/site-packages/debug_toolbar/toolbar.py", line 84, in render_toolbar
    return render_to_string("debug_toolbar/base.html", context)
  File "/usr/local/lib/python3.10/site-packages/django/template/loader.py", line 62, in render_to_string
    return template.render(context, request)
  File "/usr/local/lib/python3.10/site-packages/django/template/backends/django.py", line 61, in render
    return self.template.render(context)
  File "/usr/local/lib/python3.10/site-packages/django/template/base.py", line 171, in render
    return self._render(context)
  File "/usr/local/lib/python3.10/site-packages/django/test/utils.py", line 111, in instrumented_test_render
    return self.nodelist.render(context)
  File "/usr/local/lib/python3.10/site-packages/django/template/base.py", line 1000, in render
    return SafeString("".join([node.render_annotated(context) for node in self]))
  File "/usr/local/lib/python3.10/site-packages/django/template/base.py", line 1000, in <listcomp>
    return SafeString("".join([node.render_annotated(context) for node in self]))
  File "/usr/local/lib/python3.10/site-packages/django/template/base.py", line 961, in render_annotated
    return self.render(context)
  File "/usr/local/lib/python3.10/site-packages/django/template/defaulttags.py", line 326, in render
    return nodelist.render(context)
  File "/usr/local/lib/python3.10/site-packages/django/template/base.py", line 1000, in render
    return SafeString("".join([node.render_annotated(context) for node in self]))
  File "/usr/local/lib/python3.10/site-packages/django/template/base.py", line 1000, in <listcomp>
    return SafeString("".join([node.render_annotated(context) for node in self]))
  File "/usr/local/lib/python3.10/site-packages/django/template/base.py", line 961, in render_annotated
    return self.render(context)
  File "/usr/local/lib/python3.10/site-packages/django/template/defaulttags.py", line 479, in render
    url = reverse(view_name, args=args, kwargs=kwargs, current_app=current_app)
  File "/usr/local/lib/python3.10/site-packages/django/urls/base.py", line 82, in reverse
    raise NoReverseMatch("%s is not a registered namespace" % key)
django.urls.exceptions.NoReverseMatch: 'djdt' is not a registered namespace
ERROR 2024-10-04 14:01:26,320 basehttp "GET /favicon.ico HTTP/1.1" 500 135180
INFO 2024-10-04 14:02:52,440 autoreload /code/config/urls.py changed, reloading.
INFO 2024-10-04 14:02:53,826 autoreload Watching for file changes with StatReloader
INFO 2024-10-04 14:03:01,563 autoreload /code/config/urls.py changed, reloading.
INFO 2024-10-04 14:03:02,925 autoreload Watching for file changes with StatReloader
INFO 2024-10-04 14:03:08,405 autoreload /code/config/urls.py changed, reloading.
INFO 2024-10-04 14:03:09,715 autoreload Watching for file changes with StatReloader
INFO 2024-10-04 14:03:17,610 autoreload /code/config/urls.py changed, reloading.
INFO 2024-10-04 14:03:19,113 autoreload Watching for file changes with StatReloader
INFO 2024-10-04 14:03:23,399 basehttp "GET /admin/ HTTP/1.1" 302 0
INFO 2024-10-04 14:03:23,463 basehttp "GET /admin/login/?next=/admin/ HTTP/1.1" 200 17686
INFO 2024-10-04 14:03:23,609 basehttp "GET /static/admin/css/login.css HTTP/1.1" 200 958
INFO 2024-10-04 14:03:23,610 basehttp "GET /static/admin/css/nav_sidebar.css HTTP/1.1" 200 2810
INFO 2024-10-04 14:03:23,612 basehttp "GET /static/admin/css/base.css HTTP/1.1" 200 21544
INFO 2024-10-04 14:03:23,612 basehttp "GET /static/admin/css/dark_mode.css HTTP/1.1" 200 2682
INFO 2024-10-04 14:03:23,617 basehttp "GET /static/admin/css/responsive.css HTTP/1.1" 200 17905
INFO 2024-10-04 14:03:23,621 basehttp "GET /static/debug_toolbar/css/toolbar.css HTTP/1.1" 200 16675
INFO 2024-10-04 14:03:23,625 basehttp "GET /static/debug_toolbar/js/toolbar.js HTTP/1.1" 200 14601
INFO 2024-10-04 14:03:23,626 basehttp "GET /static/admin/js/theme.js HTTP/1.1" 200 1943
INFO 2024-10-04 14:03:23,629 basehttp "GET /static/admin/js/nav_sidebar.js HTTP/1.1" 200 3063
INFO 2024-10-04 14:03:23,630 basehttp "GET /static/debug_toolbar/css/print.css HTTP/1.1" 200 43
INFO 2024-10-04 14:03:23,696 basehttp "GET /static/debug_toolbar/js/utils.js HTTP/1.1" 200 4742
WARNING 2024-10-04 14:03:23,844 log Not Found: /favicon.ico
WARNING 2024-10-04 14:03:23,844 basehttp "GET /favicon.ico HTTP/1.1" 404 16158
INFO 2024-10-04 14:03:45,687 autoreload /code/config/urls.py changed, reloading.
INFO 2024-10-04 14:03:47,301 autoreload Watching for file changes with StatReloader
INFO 2024-10-04 14:03:55,176 autoreload /code/config/urls.py changed, reloading.
INFO 2024-10-04 14:03:56,655 autoreload Watching for file changes with StatReloader
INFO 2024-10-04 14:04:00,390 autoreload /code/config/urls.py changed, reloading.
INFO 2024-10-04 14:04:01,893 autoreload Watching for file changes with StatReloader
INFO 2024-10-04 14:04:04,442 autoreload /code/config/urls.py changed, reloading.
INFO 2024-10-04 14:04:05,898 autoreload Watching for file changes with StatReloader
INFO 2024-10-04 14:04:10,517 autoreload /code/config/urls.py changed, reloading.
INFO 2024-10-04 14:04:11,960 autoreload Watching for file changes with StatReloader
INFO 2024-10-04 14:04:16,636 autoreload /code/config/urls.py changed, reloading.
INFO 2024-10-04 14:04:18,195 autoreload Watching for file changes with StatReloader
INFO 2024-10-04 14:04:20,581 autoreload /code/config/urls.py changed, reloading.
INFO 2024-10-04 14:04:21,946 autoreload Watching for file changes with StatReloader
INFO 2024-10-04 14:04:28,389 basehttp "POST /admin/login/?next=/admin/ HTTP/1.1" 200 17847
INFO 2024-10-04 14:04:28,472 basehttp "GET /static/admin/css/base.css HTTP/1.1" 304 0
INFO 2024-10-04 14:04:28,484 basehttp "GET /static/admin/css/dark_mode.css HTTP/1.1" 304 0
INFO 2024-10-04 14:04:28,486 basehttp "GET /static/admin/css/login.css HTTP/1.1" 304 0
INFO 2024-10-04 14:04:28,488 basehttp "GET /static/debug_toolbar/js/toolbar.js HTTP/1.1" 304 0
INFO 2024-10-04 14:04:28,492 basehttp "GET /static/admin/js/theme.js HTTP/1.1" 304 0
INFO 2024-10-04 14:04:28,494 basehttp "GET /static/admin/css/nav_sidebar.css HTTP/1.1" 304 0
INFO 2024-10-04 14:04:28,496 basehttp "GET /static/admin/css/responsive.css HTTP/1.1" 304 0
INFO 2024-10-04 14:04:28,496 basehttp "GET /static/debug_toolbar/css/toolbar.css HTTP/1.1" 304 0
INFO 2024-10-04 14:04:28,497 basehttp "GET /static/admin/js/nav_sidebar.js HTTP/1.1" 304 0
INFO 2024-10-04 14:04:28,502 basehttp "GET /static/debug_toolbar/css/print.css HTTP/1.1" 304 0
INFO 2024-10-04 14:04:28,539 basehttp "GET /static/debug_toolbar/js/utils.js HTTP/1.1" 304 0
